<?xml version="1.0" encoding="UTF-8"?>
<testsuite xmlns:xsi="http://www.w3.org/2001/XMLSchema-instance" xsi:noNamespaceSchemaLocation="https://maven.apache.org/surefire/maven-surefire-plugin/xsd/surefire-test-report-3.0.xsd" version="3.0" name="dadosabertos.api.tests.ListarBlocosTest" time="5.029" tests="1" errors="0" skipped="0" failures="0">
  <properties>
[...]
</properties>
  <testcase name="testConsultarBloco" classname="dadosabertos.api.tests.ListarBlocosTest" time="4.973">
    <system-out><![CDATA[Status Code: 200

ID: 584
Nome: Federação Brasil da Esperança - Fe Brasil
ID Legislatura: 57
]]></system-out>
  </testcase>
</testsuite>